<?xml version="1.0" encoding="UTF-8"?>
<!-- Generated by org.testng.reporters.JUnitReportReporter -->
<testsuite skipped="0" hostname="PoojaVerma-Mac" name="SampleFunctionalTest.Sample" tests="1" failures="0" timestamp="05 Jan 2019 01:45:30 GMT" time="9.057" errors="0">
  <testcase name="testGoogleSearch" time="9.057" classname="SampleFunctionalTest.Sample"/>
</testsuite> <!-- SampleFunctionalTest.Sample -->
