<?xml version="1.0" encoding="UTF-8"?>
<!-- Generated by org.testng.reporters.JUnitReportReporter -->
<testsuite skipped="0" hostname="in-vpooja.local" name="zap_new.functional_testcase" tests="1" failures="0" timestamp="5 Sep 2017 06:47:36 GMT" time="15.458" errors="0">
  <testcase name="setUp" time="15.458" classname="zap_new.functional_testcase"/>
</testsuite> <!-- zap_new.functional_testcase -->
