<?xml version="1.0" encoding="UTF-8"?>
<!-- Generated by org.testng.reporters.JUnitReportReporter -->
<testsuite skipped="0" hostname="in-vpooja.local" name="zap_new.zapspider" tests="1" failures="0" timestamp="4 Sep 2017 11:03:53 GMT" time="0.136" errors="0">
  <testcase name="zap_passive_scan" time="0.136" classname="zap_new.zapspider"/>
</testsuite> <!-- zap_new.zapspider -->
