<?xml version="1.0" encoding="UTF-8"?>
<!-- Generated by org.testng.reporters.JUnitReportReporter -->
<testsuite skipped="0" hostname="in-vpooja.local" name="zap.functional_testcase" tests="1" failures="0" timestamp="5 Sep 2017 11:14:55 GMT" time="15.742" errors="0">
  <testcase name="setUp" time="15.742" classname="zap.functional_testcase"/>
</testsuite> <!-- zap.functional_testcase -->
